<?xml version="1.0" encoding="UTF-8"?>
<testsuite name="org.qalab4.ClassroomTest" tests="1" skipped="0" failures="0" errors="0" timestamp="2022-10-01T10:15:42" hostname="ZAVIERCHASE" time="0.014">
  <properties/>
  <testcase name="testSquare()" classname="org.qalab4.ClassroomTest" time="0.014"/>
  <system-out><![CDATA[]]></system-out>
  <system-err><![CDATA[]]></system-err>
</testsuite>
