<?xml version="1.0" encoding="UTF-8"?>
<testsuite name="org.qalab4.ClassroomTest" tests="5" skipped="0" failures="0" errors="0" timestamp="2022-10-01T14:37:42" hostname="ZAVIERCHASE" time="0.022">
  <properties/>
  <testcase name="testAdd()" classname="org.qalab4.ClassroomTest" time="0.015"/>
  <testcase name="testSubtract()" classname="org.qalab4.ClassroomTest" time="0.001"/>
  <testcase name="testDivide()" classname="org.qalab4.ClassroomTest" time="0.001"/>
  <testcase name="testMultiply()" classname="org.qalab4.ClassroomTest" time="0.001"/>
  <testcase name="testSquare()" classname="org.qalab4.ClassroomTest" time="0.002"/>
  <system-out><![CDATA[]]></system-out>
  <system-err><![CDATA[]]></system-err>
</testsuite>
